<?xml version="1.0" encoding="UTF-8"?>
<testsuite xmlns:xsi="http://www.w3.org/2001/XMLSchema-instance" xsi:noNamespaceSchemaLocation="https://maven.apache.org/surefire/maven-surefire-plugin/xsd/surefire-test-report.xsd" name="uni.iit.miskolc.msc.ds.user.validator.AccountValidatorTest" time="0.047" tests="3" errors="0" skipped="0" failures="0">
  <properties>
[...]
</properties>
  <testcase name="lengthValidator" classname="uni.iit.miskolc.msc.ds.user.validator.AccountValidatorTest" time="0.033"/>
  <testcase name="SpaceValidator" classname="uni.iit.miskolc.msc.ds.user.validator.AccountValidatorTest" time="0.002"/>
  <testcase name="isValid" classname="uni.iit.miskolc.msc.ds.user.validator.AccountValidatorTest" time="0.002"/>
</testsuite>